denolk@DOPC:/d/Dev/denolk-hive
λ docker run --rm -p 4566:4566 -p 8080:8080 localstack/localstack
Waiting for all LocalStack services to be ready
INFO supervisord started with pid 14
INFO spawned: 'infra' with pid 21

LocalStack version: 0.12.7

Starting edge router (https port 4566)...
Starting mock ACM service on http port 4566 ...
Starting mock API Gateway service on http port 4566 ...
Starting mock CloudFormation service on http port 4566 ...
Starting mock CloudWatch service on http port 4566 ...
Starting mock DynamoDB service on http port 4566 ...
Starting mock DynamoDB Streams service on http port 4566 ...
Starting mock EC2 service on http port 4566 ...
Starting mock ES service on http port 4566 ...
Starting mock Firehose service on http port 4566 ...
Starting mock IAM service on http port 4566 ...
Starting mock STS service on http port 4566 ...
Starting mock Kinesis service on http port 4566 ...
Starting mock KMS service on http port 4566 ...
Starting mock Lambda service on http port 4566 ...
Starting mock CloudWatch Logs service on http port 4566 ...
Starting mock Redshift service on http port 4566 ...
Starting mock Route53 service on http port 4566 ...
Starting mock S3 service on http port 4566 ...
Starting mock Secrets Manager service on http port 4566 ...
Starting mock SES service on http port 4566 ...
Starting mock SNS service on http port 4566 ...
Starting mock SQS service on http port 4566 ...
Starting mock SSM service on http port 4566 ...
Starting mock Cloudwatch Events service on http port 4566 ...
Starting mock StepFunctions service on http port 4566 ...
Starting mock SWF service on http port 4566 ...

Ready.

